<?xml version="1.0" encoding="UTF-8"?>
<!-- Generated by org.testng.reporters.JUnitXMLReporter -->
<testsuite ignored="2" hostname="Danish" failures="0" tests="1" name="Default test" time="51.475" errors="0" timestamp="2021-03-17T14:47:59 IST">
  <testcase classname="practice.Dropdown" name="JsDropdown" time="26.838"/>
  <testcase classname="practice.Dropdown" name="dropdown2" time="0.0">
    <ignored/>
  </testcase> <!-- dropdown2 -->
  <testcase classname="practice.Dropdown" name="dropdown1" time="0.0">
    <ignored/>
  </testcase> <!-- dropdown1 -->
</testsuite> <!-- Default test -->
