<?xml version="1.0" encoding="UTF-8"?>
<testng-results ignored="0" total="1" passed="1" failed="0" skipped="0">
  <reporter-output>
  </reporter-output>
  <suite started-at="2020-04-22T16:30:38 IST" name="Default suite" finished-at="2020-04-22T16:31:21 IST" duration-ms="42847">
    <groups>
    </groups>
    <test started-at="2020-04-22T16:30:38 IST" name="Default test" finished-at="2020-04-22T16:31:21 IST" duration-ms="42847">
      <class name="luxeregister.LinkCountTest">
        <test-method signature="operation()[pri:0, instance:luxeregister.LinkCountTest@4690b489]" started-at="2020-04-22T16:30:38 IST" name="operation" finished-at="2020-04-22T16:31:20 IST" duration-ms="42525" status="PASS">
          <reporter-output>
          </reporter-output>
        </test-method> <!-- operation -->
        <test-method is-config="true" signature="Closebrowser()[pri:0, instance:luxeregister.LinkCountTest@4690b489]" started-at="2020-04-22T16:31:20 IST" name="Closebrowser" finished-at="2020-04-22T16:31:21 IST" duration-ms="230" status="PASS">
          <reporter-output>
          </reporter-output>
        </test-method> <!-- Closebrowser -->
      </class> <!-- luxeregister.LinkCountTest -->
    </test> <!-- Default test -->
  </suite> <!-- Default suite -->
</testng-results>
