<?xml version="1.0" encoding="UTF-8"?>
<!-- Generated by org.testng.reporters.JUnitXMLReporter -->
<testsuite hostname="Danish" ignored="0" name="Test" tests="2" failures="1" timestamp="2020-05-09T22:43:14 IST" time="136.113" errors="0">
  <testcase name="logintest" time="12.368" classname="luxeregister.LoginPOIListener"/>
  <testcase name="logintest" time="6.698" classname="luxeregister.LoginPOIListener">
    <failure type="java.lang.AssertionError" message="Login Successfull expected [true] but found [false]">
      <![CDATA[java.lang.AssertionError: Login Successfull expected [true] but found [false]
at luxeregister.LoginPOIListener.logintest(LoginPOIListener.java:86)
at java.util.ArrayList.forEach(ArrayList.java:1257)
... Removed 30 stack frames]]>
    </failure>
  </testcase> <!-- logintest -->
</testsuite> <!-- Test -->
